# JRE version: OpenJDK Runtime Environment (8.0_202-b03) (build 1.8.0_202-release-1483-b03)
# Java VM: OpenJDK 64-Bit Server VM (25.202-b03 mixed mode windows-amd64 compressed oops)
Heap:
 PSYoungGen      total 270336K, used 5386K [0x00000000e0000000, 0x00000000f7b80000, 0x0000000100000000)
  eden space 222720K, 2% used [0x00000000e0000000,0x00000000e05428a0,0x00000000ed980000)
  from space 47616K, 0% used [0x00000000ed980000,0x00000000ed980000,0x00000000f0800000)
  to   space 67072K, 0% used [0x00000000f3a00000,0x00000000f3a00000,0x00000000f7b80000)
 ParOldGen       total 266240K, used 141886K [0x00000000a0000000, 0x00000000b0400000, 0x00000000e0000000)
  object space 266240K, 53% used [0x00000000a0000000,0x00000000a8a8fb40,0x00000000b0400000)
 Metaspace       used 88148K, capacity 91222K, committed 91864K, reserved 1128448K
  class space    used 11223K, capacity 11893K, committed 12032K, reserved 1048576K
GC Heap History (10 events):
Event: 181.407 GC heap before
{Heap before GC invocations=26 (full 4):
 PSYoungGen      total 198144K, used 173568K [0x00000000e0000000, 0x00000000f0400000, 0x0000000100000000)
  eden space 173568K, 100% used [0x00000000e0000000,0x00000000ea980000,0x00000000ea980000)
  from space 24576K, 0% used [0x00000000ea980000,0x00000000ea980000,0x00000000ec180000)
  to   space 35328K, 0% used [0x00000000ee180000,0x00000000ee180000,0x00000000f0400000)
 ParOldGen       total 177152K, used 84765K [0x00000000a0000000, 0x00000000aad00000, 0x00000000e0000000)
  object space 177152K, 47% used [0x00000000a0000000,0x00000000a52c7408,0x00000000aad00000)
 Metaspace       used 79271K, capacity 81654K, committed 81880K, reserved 1120256K
  class space    used 10072K, capacity 10663K, committed 10752K, reserved 1048576K
Event: 181.576 GC heap after
Heap after GC invocations=26 (full 4):
 PSYoungGen      total 226304K, used 32417K [0x00000000e0000000, 0x00000000f0a80000, 0x0000000100000000)
  eden space 190976K, 0% used [0x00000000e0000000,0x00000000e0000000,0x00000000eba80000)
  from space 35328K, 91% used [0x00000000ee180000,0x00000000f01284f0,0x00000000f0400000)
  to   space 39936K, 0% used [0x00000000eba80000,0x00000000eba80000,0x00000000ee180000)
 ParOldGen       total 177152K, used 84773K [0x00000000a0000000, 0x00000000aad00000, 0x00000000e0000000)
  object space 177152K, 47% used [0x00000000a0000000,0x00000000a52c9408,0x00000000aad00000)
 Metaspace       used 79271K, capacity 81654K, committed 81880K, reserved 1120256K
  class space    used 10072K, capacity 10663K, committed 10752K, reserved 1048576K
}
Event: 194.304 GC heap before
{Heap before GC invocations=27 (full 4):
 PSYoungGen      total 226304K, used 223393K [0x00000000e0000000, 0x00000000f0a80000, 0x0000000100000000)
  eden space 190976K, 100% used [0x00000000e0000000,0x00000000eba80000,0x00000000eba80000)
  from space 35328K, 91% used [0x00000000ee180000,0x00000000f01284f0,0x00000000f0400000)
  to   space 39936K, 0% used [0x00000000eba80000,0x00000000eba80000,0x00000000ee180000)
 ParOldGen       total 177152K, used 84773K [0x00000000a0000000, 0x00000000aad00000, 0x00000000e0000000)
  object space 177152K, 47% used [0x00000000a0000000,0x00000000a52c9408,0x00000000aad00000)
 Metaspace       used 86910K, capacity 89980K, committed 90200K, reserved 1128448K
  class space    used 11095K, capacity 11784K, committed 11904K, reserved 1048576K
Event: 194.666 GC heap after
Heap after GC invocations=27 (full 4):
 PSYoungGen      total 230912K, used 39911K [0x00000000e0000000, 0x00000000f3980000, 0x0000000100000000)
  eden space 190976K, 0% used [0x00000000e0000000,0x00000000e0000000,0x00000000eba80000)
  from space 39936K, 99% used [0x00000000eba80000,0x00000000ee179e38,0x00000000ee180000)
  to   space 50688K, 0% used [0x00000000f0800000,0x00000000f0800000,0x00000000f3980000)
 ParOldGen       total 177152K, used 95519K [0x00000000a0000000, 0x00000000aad00000, 0x00000000e0000000)
  object space 177152K, 53% used [0x00000000a0000000,0x00000000a5d47f10,0x00000000aad00000)
 Metaspace       used 86910K, capacity 89980K, committed 90200K, reserved 1128448K
  class space    used 11095K, capacity 11784K, committed 11904K, reserved 1048576K
}
Event: 202.390 GC heap before
{Heap before GC invocations=28 (full 4):
 PSYoungGen      total 230912K, used 230869K [0x00000000e0000000, 0x00000000f3980000, 0x0000000100000000)
  eden space 190976K, 99% used [0x00000000e0000000,0x00000000eba7b818,0x00000000eba80000)
  from space 39936K, 99% used [0x00000000eba80000,0x00000000ee179e38,0x00000000ee180000)
  to   space 50688K, 0% used [0x00000000f0800000,0x00000000f0800000,0x00000000f3980000)
 ParOldGen       total 177152K, used 95519K [0x00000000a0000000, 0x00000000aad00000, 0x00000000e0000000)
  object space 177152K, 53% used [0x00000000a0000000,0x00000000a5d47f10,0x00000000aad00000)
 Metaspace       used 87763K, capacity 90870K, committed 90968K, reserved 1128448K
  class space    used 11176K, capacity 11879K, committed 11904K, reserved 1048576K
Event: 202.579 GC heap after
Heap after GC invocations=28 (full 4):
 PSYoungGen      total 270848K, used 17495K [0x00000000e0000000, 0x00000000f3700000, 0x0000000100000000)
  eden space 222720K, 0% used [0x00000000e0000000,0x00000000e0000000,0x00000000ed980000)
  from space 48128K, 36% used [0x00000000f0800000,0x00000000f1915dd0,0x00000000f3700000)
  to   space 47616K, 0% used [0x00000000ed980000,0x00000000ed980000,0x00000000f0800000)
 ParOldGen       total 177152K, used 122566K [0x00000000a0000000, 0x00000000aad00000, 0x00000000e0000000)
  object space 177152K, 69% used [0x00000000a0000000,0x00000000a77b1980,0x00000000aad00000)
 Metaspace       used 87763K, capacity 90870K, committed 90968K, reserved 1128448K
  class space    used 11176K, capacity 11879K, committed 11904K, reserved 1048576K
}
Event: 213.440 GC heap before
{Heap before GC invocations=29 (full 4):
 PSYoungGen      total 270848K, used 240215K [0x00000000e0000000, 0x00000000f3700000, 0x0000000100000000)
  eden space 222720K, 100% used [0x00000000e0000000,0x00000000ed980000,0x00000000ed980000)
  from space 48128K, 36% used [0x00000000f0800000,0x00000000f1915dd0,0x00000000f3700000)
  to   space 47616K, 0% used [0x00000000ed980000,0x00000000ed980000,0x00000000f0800000)
 ParOldGen       total 177152K, used 122566K [0x00000000a0000000, 0x00000000aad00000, 0x00000000e0000000)
  object space 177152K, 69% used [0x00000000a0000000,0x00000000a77b1980,0x00000000aad00000)
 Metaspace       used 88451K, capacity 91636K, committed 91864K, reserved 1128448K
  class space    used 11259K, capacity 11962K, committed 12032K, reserved 1048576K
Event: 213.802 GC heap after
Heap after GC invocations=29 (full 4):
 PSYoungGen      total 270336K, used 47597K [0x00000000e0000000, 0x00000000f7b80000, 0x0000000100000000)
  eden space 222720K, 0% used [0x00000000e0000000,0x00000000e0000000,0x00000000ed980000)
  from space 47616K, 99% used [0x00000000ed980000,0x00000000f07fb580,0x00000000f0800000)
  to   space 67072K, 0% used [0x00000000f3a00000,0x00000000f3a00000,0x00000000f7b80000)
 ParOldGen       total 177152K, used 153426K [0x00000000a0000000, 0x00000000aad00000, 0x00000000e0000000)
  object space 177152K, 86% used [0x00000000a0000000,0x00000000a95d4858,0x00000000aad00000)
 Metaspace       used 88451K, capacity 91636K, committed 91864K, reserved 1128448K
  class space    used 11259K, capacity 11962K, committed 12032K, reserved 1048576K
}
Event: 213.802 GC heap before
{Heap before GC invocations=30 (full 5):
 PSYoungGen      total 270336K, used 47597K [0x00000000e0000000, 0x00000000f7b80000, 0x0000000100000000)
  eden space 222720K, 0% used [0x00000000e0000000,0x00000000e0000000,0x00000000ed980000)
  from space 47616K, 99% used [0x00000000ed980000,0x00000000f07fb580,0x00000000f0800000)
  to   space 67072K, 0% used [0x00000000f3a00000,0x00000000f3a00000,0x00000000f7b80000)
 ParOldGen       total 177152K, used 153426K [0x00000000a0000000, 0x00000000aad00000, 0x00000000e0000000)
  object space 177152K, 86% used [0x00000000a0000000,0x00000000a95d4858,0x00000000aad00000)
 Metaspace       used 88451K, capacity 91636K, committed 91864K, reserved 1128448K
  class space    used 11259K, capacity 11962K, committed 12032K, reserved 1048576K
Event: 216.852 GC heap after
Heap after GC invocations=30 (full 5):
 PSYoungGen      total 270336K, used 0K [0x00000000e0000000, 0x00000000f7b80000, 0x0000000100000000)
  eden space 222720K, 0% used [0x00000000e0000000,0x00000000e0000000,0x00000000ed980000)
  from space 47616K, 0% used [0x00000000ed980000,0x00000000ed980000,0x00000000f0800000)
  to   space 67072K, 0% used [0x00000000f3a00000,0x00000000f3a00000,0x00000000f7b80000)
 ParOldGen       total 266240K, used 141886K [0x00000000a0000000, 0x00000000b0400000, 0x00000000e0000000)
  object space 266240K, 53% used [0x00000000a0000000,0x00000000a8a8fb40,0x00000000b0400000)
 Metaspace       used 88141K, capacity 91222K, committed 91864K, reserved 1128448K
  class space    used 11220K, capacity 11893K, committed 12032K, reserved 1048576K
}

