# JRE version: OpenJDK Runtime Environment (8.0_202-b03) (build 1.8.0_202-release-1483-b03)
# Java VM: OpenJDK 64-Bit Server VM (25.202-b03 mixed mode windows-amd64 compressed oops)
Heap:
 PSYoungGen      total 438784K, used 356765K [0x00000000e0000000, 0x0000000100000000, 0x0000000100000000)
  eden space 402432K, 88% used [0x00000000e0000000,0x00000000f5c67618,0x00000000f8900000)
  from space 36352K, 0% used [0x00000000fdc80000,0x00000000fdc80000,0x0000000100000000)
  to   space 60928K, 0% used [0x00000000f8900000,0x00000000f8900000,0x00000000fc480000)
 ParOldGen       total 232960K, used 134627K [0x00000000a0000000, 0x00000000ae380000, 0x00000000e0000000)
  object space 232960K, 57% used [0x00000000a0000000,0x00000000a8378d18,0x00000000ae380000)
 Metaspace       used 119262K, capacity 123866K, committed 124888K, reserved 1159168K
  class space    used 14636K, capacity 15533K, committed 15872K, reserved 1048576K
GC Heap History (10 events):
Event: 2800.922 GC heap before
{Heap before GC invocations=58 (full 7):
 PSYoungGen      total 481792K, used 8358K [0x00000000e0000000, 0x00000000ffb80000, 0x0000000100000000)
  eden space 443392K, 0% used [0x00000000e0000000,0x00000000e0000000,0x00000000fb100000)
  from space 38400K, 21% used [0x00000000fb100000,0x00000000fb929950,0x00000000fd680000)
  to   space 36864K, 0% used [0x00000000fd780000,0x00000000fd780000,0x00000000ffb80000)
 ParOldGen       total 147456K, used 131417K [0x00000000a0000000, 0x00000000a9000000, 0x00000000e0000000)
  object space 147456K, 89% used [0x00000000a0000000,0x00000000a8056418,0x00000000a9000000)
 Metaspace       used 118177K, capacity 122658K, committed 123992K, reserved 1157120K
  class space    used 14512K, capacity 15353K, committed 15744K, reserved 1048576K
Event: 2801.525 GC heap after
Heap after GC invocations=58 (full 7):
 PSYoungGen      total 481792K, used 0K [0x00000000e0000000, 0x00000000ffb80000, 0x0000000100000000)
  eden space 443392K, 0% used [0x00000000e0000000,0x00000000e0000000,0x00000000fb100000)
  from space 38400K, 0% used [0x00000000fb100000,0x00000000fb100000,0x00000000fd680000)
  to   space 36864K, 0% used [0x00000000fd780000,0x00000000fd780000,0x00000000ffb80000)
 ParOldGen       total 158208K, used 83970K [0x00000000a0000000, 0x00000000a9a80000, 0x00000000e0000000)
  object space 158208K, 53% used [0x00000000a0000000,0x00000000a5200920,0x00000000a9a80000)
 Metaspace       used 118177K, capacity 122658K, committed 123992K, reserved 1157120K
  class space    used 14512K, capacity 15353K, committed 15744K, reserved 1048576K
}
Event: 2804.745 GC heap before
{Heap before GC invocations=59 (full 7):
 PSYoungGen      total 481792K, used 443392K [0x00000000e0000000, 0x00000000ffb80000, 0x0000000100000000)
  eden space 443392K, 100% used [0x00000000e0000000,0x00000000fb100000,0x00000000fb100000)
  from space 38400K, 0% used [0x00000000fb100000,0x00000000fb100000,0x00000000fd680000)
  to   space 36864K, 0% used [0x00000000fd780000,0x00000000fd780000,0x00000000ffb80000)
 ParOldGen       total 158208K, used 83970K [0x00000000a0000000, 0x00000000a9a80000, 0x00000000e0000000)
  object space 158208K, 53% used [0x00000000a0000000,0x00000000a5200920,0x00000000a9a80000)
 Metaspace       used 118290K, capacity 122808K, committed 123992K, reserved 1157120K
  class space    used 14530K, capacity 15424K, committed 15744K, reserved 1048576K
Event: 2804.770 GC heap after
Heap after GC invocations=59 (full 7):
 PSYoungGen      total 484352K, used 10720K [0x00000000e0000000, 0x00000000ffb80000, 0x0000000100000000)
  eden space 447488K, 0% used [0x00000000e0000000,0x00000000e0000000,0x00000000fb500000)
  from space 36864K, 29% used [0x00000000fd780000,0x00000000fe1f8020,0x00000000ffb80000)
  to   space 35328K, 0% used [0x00000000fb500000,0x00000000fb500000,0x00000000fd780000)
 ParOldGen       total 158208K, used 83970K [0x00000000a0000000, 0x00000000a9a80000, 0x00000000e0000000)
  object space 158208K, 53% used [0x00000000a0000000,0x00000000a5200920,0x00000000a9a80000)
 Metaspace       used 118290K, capacity 122808K, committed 123992K, reserved 1157120K
  class space    used 14530K, capacity 15424K, committed 15744K, reserved 1048576K
}
Event: 2808.713 GC heap before
{Heap before GC invocations=60 (full 7):
 PSYoungGen      total 484352K, used 458027K [0x00000000e0000000, 0x00000000ffb80000, 0x0000000100000000)
  eden space 447488K, 99% used [0x00000000e0000000,0x00000000fb4d2f40,0x00000000fb500000)
  from space 36864K, 29% used [0x00000000fd780000,0x00000000fe1f8020,0x00000000ffb80000)
  to   space 35328K, 0% used [0x00000000fb500000,0x00000000fb500000,0x00000000fd780000)
 ParOldGen       total 158208K, used 83970K [0x00000000a0000000, 0x00000000a9a80000, 0x00000000e0000000)
  object space 158208K, 53% used [0x00000000a0000000,0x00000000a5200920,0x00000000a9a80000)
 Metaspace       used 118413K, capacity 123024K, committed 123992K, reserved 1157120K
  class space    used 14546K, capacity 15440K, committed 15744K, reserved 1048576K
Event: 2808.766 GC heap after
Heap after GC invocations=60 (full 7):
 PSYoungGen      total 482816K, used 22567K [0x00000000e0000000, 0x0000000100000000, 0x0000000100000000)
  eden space 447488K, 0% used [0x00000000e0000000,0x00000000e0000000,0x00000000fb500000)
  from space 35328K, 63% used [0x00000000fb500000,0x00000000fcb09f18,0x00000000fd780000)
  to   space 36352K, 0% used [0x00000000fdc80000,0x00000000fdc80000,0x0000000100000000)
 ParOldGen       total 158208K, used 83970K [0x00000000a0000000, 0x00000000a9a80000, 0x00000000e0000000)
  object space 158208K, 53% used [0x00000000a0000000,0x00000000a5200920,0x00000000a9a80000)
 Metaspace       used 118413K, capacity 123024K, committed 123992K, reserved 1157120K
  class space    used 14546K, capacity 15440K, committed 15744K, reserved 1048576K
}
Event: 2819.575 GC heap before
{Heap before GC invocations=61 (full 7):
 PSYoungGen      total 482816K, used 470055K [0x00000000e0000000, 0x0000000100000000, 0x0000000100000000)
  eden space 447488K, 100% used [0x00000000e0000000,0x00000000fb500000,0x00000000fb500000)
  from space 35328K, 63% used [0x00000000fb500000,0x00000000fcb09f18,0x00000000fd780000)
  to   space 36352K, 0% used [0x00000000fdc80000,0x00000000fdc80000,0x0000000100000000)
 ParOldGen       total 158208K, used 83970K [0x00000000a0000000, 0x00000000a9a80000, 0x00000000e0000000)
  object space 158208K, 53% used [0x00000000a0000000,0x00000000a5200920,0x00000000a9a80000)
 Metaspace       used 119180K, capacity 123874K, committed 124888K, reserved 1159168K
  class space    used 14633K, capacity 15535K, committed 15872K, reserved 1048576K
Event: 2819.798 GC heap after
Heap after GC invocations=61 (full 7):
 PSYoungGen      total 438784K, used 36349K [0x00000000e0000000, 0x0000000100000000, 0x0000000100000000)
  eden space 402432K, 0% used [0x00000000e0000000,0x00000000e0000000,0x00000000f8900000)
  from space 36352K, 99% used [0x00000000fdc80000,0x00000000fffff770,0x0000000100000000)
  to   space 60928K, 0% used [0x00000000f8900000,0x00000000f8900000,0x00000000fc480000)
 ParOldGen       total 158208K, used 134000K [0x00000000a0000000, 0x00000000a9a80000, 0x00000000e0000000)
  object space 158208K, 84% used [0x00000000a0000000,0x00000000a82dc098,0x00000000a9a80000)
 Metaspace       used 119180K, capacity 123874K, committed 124888K, reserved 1159168K
  class space    used 14633K, capacity 15535K, committed 15872K, reserved 1048576K
}
Event: 2819.799 GC heap before
{Heap before GC invocations=62 (full 8):
 PSYoungGen      total 438784K, used 36349K [0x00000000e0000000, 0x0000000100000000, 0x0000000100000000)
  eden space 402432K, 0% used [0x00000000e0000000,0x00000000e0000000,0x00000000f8900000)
  from space 36352K, 99% used [0x00000000fdc80000,0x00000000fffff770,0x0000000100000000)
  to   space 60928K, 0% used [0x00000000f8900000,0x00000000f8900000,0x00000000fc480000)
 ParOldGen       total 158208K, used 134000K [0x00000000a0000000, 0x00000000a9a80000, 0x00000000e0000000)
  object space 158208K, 84% used [0x00000000a0000000,0x00000000a82dc098,0x00000000a9a80000)
 Metaspace       used 119180K, capacity 123874K, committed 124888K, reserved 1159168K
  class space    used 14633K, capacity 15535K, committed 15872K, reserved 1048576K
Event: 2820.813 GC heap after
Heap after GC invocations=62 (full 8):
 PSYoungGen      total 438784K, used 0K [0x00000000e0000000, 0x0000000100000000, 0x0000000100000000)
  eden space 402432K, 0% used [0x00000000e0000000,0x00000000e0000000,0x00000000f8900000)
  from space 36352K, 0% used [0x00000000fdc80000,0x00000000fdc80000,0x0000000100000000)
  to   space 60928K, 0% used [0x00000000f8900000,0x00000000f8900000,0x00000000fc480000)
 ParOldGen       total 232960K, used 134627K [0x00000000a0000000, 0x00000000ae380000, 0x00000000e0000000)
  object space 232960K, 57% used [0x00000000a0000000,0x00000000a8378d18,0x00000000ae380000)
 Metaspace       used 119173K, capacity 123850K, committed 124888K, reserved 1159168K
  class space    used 14631K, capacity 15531K, committed 15872K, reserved 1048576K
}

