# JRE version: OpenJDK Runtime Environment (8.0_202-b03) (build 1.8.0_202-release-1483-b03)
# Java VM: OpenJDK 64-Bit Server VM (25.202-b03 mixed mode windows-amd64 compressed oops)
Heap:
 PSYoungGen      total 187904K, used 123256K [0x00000000e0000000, 0x00000000ed300000, 0x0000000100000000)
  eden space 171008K, 63% used [0x00000000e0000000,0x00000000e69f82f0,0x00000000ea700000)
  from space 16896K, 87% used [0x00000000ea700000,0x00000000eb565df8,0x00000000eb780000)
  to   space 17408K, 0% used [0x00000000eb780000,0x00000000eb780000,0x00000000ec880000)
 ParOldGen       total 97280K, used 40536K [0x00000000a0000000, 0x00000000a5f00000, 0x00000000e0000000)
  object space 97280K, 41% used [0x00000000a0000000,0x00000000a27962b0,0x00000000a5f00000)
 Metaspace       used 65234K, capacity 67320K, committed 67416K, reserved 1107968K
  class space    used 8578K, capacity 9044K, committed 9088K, reserved 1048576K
GC Heap History (10 events):
Event: 28.421 GC heap before
{Heap before GC invocations=20 (full 2):
 PSYoungGen      total 131072K, used 123392K [0x00000000e0000000, 0x00000000e9e00000, 0x0000000100000000)
  eden space 123392K, 100% used [0x00000000e0000000,0x00000000e7880000,0x00000000e7880000)
  from space 7680K, 0% used [0x00000000e7880000,0x00000000e7880000,0x00000000e8000000)
  to   space 7168K, 0% used [0x00000000e9700000,0x00000000e9700000,0x00000000e9e00000)
 ParOldGen       total 53760K, used 15978K [0x00000000a0000000, 0x00000000a3480000, 0x00000000e0000000)
  object space 53760K, 29% used [0x00000000a0000000,0x00000000a0f9aa80,0x00000000a3480000)
 Metaspace       used 45416K, capacity 46336K, committed 46552K, reserved 1089536K
  class space    used 6110K, capacity 6365K, committed 6400K, reserved 1048576K
Event: 28.449 GC heap after
Heap after GC invocations=20 (full 2):
 PSYoungGen      total 150528K, used 7164K [0x00000000e0000000, 0x00000000ea200000, 0x0000000100000000)
  eden space 143360K, 0% used [0x00000000e0000000,0x00000000e0000000,0x00000000e8c00000)
  from space 7168K, 99% used [0x00000000e9700000,0x00000000e9dff300,0x00000000e9e00000)
  to   space 11264K, 0% used [0x00000000e8c00000,0x00000000e8c00000,0x00000000e9700000)
 ParOldGen       total 53760K, used 24265K [0x00000000a0000000, 0x00000000a3480000, 0x00000000e0000000)
  object space 53760K, 45% used [0x00000000a0000000,0x00000000a17b2660,0x00000000a3480000)
 Metaspace       used 45416K, capacity 46336K, committed 46552K, reserved 1089536K
  class space    used 6110K, capacity 6365K, committed 6400K, reserved 1048576K
}
Event: 33.350 GC heap before
{Heap before GC invocations=21 (full 2):
 PSYoungGen      total 150528K, used 150524K [0x00000000e0000000, 0x00000000ea200000, 0x0000000100000000)
  eden space 143360K, 100% used [0x00000000e0000000,0x00000000e8c00000,0x00000000e8c00000)
  from space 7168K, 99% used [0x00000000e9700000,0x00000000e9dff300,0x00000000e9e00000)
  to   space 11264K, 0% used [0x00000000e8c00000,0x00000000e8c00000,0x00000000e9700000)
 ParOldGen       total 53760K, used 24265K [0x00000000a0000000, 0x00000000a3480000, 0x00000000e0000000)
  object space 53760K, 45% used [0x00000000a0000000,0x00000000a17b2660,0x00000000a3480000)
 Metaspace       used 55229K, capacity 56644K, committed 56792K, reserved 1097728K
  class space    used 7443K, capacity 7816K, committed 7936K, reserved 1048576K
Event: 33.420 GC heap after
Heap after GC invocations=21 (full 2):
 PSYoungGen      total 154624K, used 11232K [0x00000000e0000000, 0x00000000ec880000, 0x0000000100000000)
  eden space 143360K, 0% used [0x00000000e0000000,0x00000000e0000000,0x00000000e8c00000)
  from space 11264K, 99% used [0x00000000e8c00000,0x00000000e96f8050,0x00000000e9700000)
  to   space 17408K, 0% used [0x00000000eb780000,0x00000000eb780000,0x00000000ec880000)
 ParOldGen       total 53760K, used 35856K [0x00000000a0000000, 0x00000000a3480000, 0x00000000e0000000)
  object space 53760K, 66% used [0x00000000a0000000,0x00000000a2304300,0x00000000a3480000)
 Metaspace       used 55229K, capacity 56644K, committed 56792K, reserved 1097728K
  class space    used 7443K, capacity 7816K, committed 7936K, reserved 1048576K
}
Event: 34.308 GC heap before
{Heap before GC invocations=22 (full 2):
 PSYoungGen      total 154624K, used 42070K [0x00000000e0000000, 0x00000000ec880000, 0x0000000100000000)
  eden space 143360K, 21% used [0x00000000e0000000,0x00000000e1e1d820,0x00000000e8c00000)
  from space 11264K, 99% used [0x00000000e8c00000,0x00000000e96f8050,0x00000000e9700000)
  to   space 17408K, 0% used [0x00000000eb780000,0x00000000eb780000,0x00000000ec880000)
 ParOldGen       total 53760K, used 35856K [0x00000000a0000000, 0x00000000a3480000, 0x00000000e0000000)
  object space 53760K, 66% used [0x00000000a0000000,0x00000000a2304300,0x00000000a3480000)
 Metaspace       used 57465K, capacity 58962K, committed 59028K, reserved 1099776K
  class space    used 7799K, capacity 8187K, committed 8192K, reserved 1048576K
Event: 34.357 GC heap after
Heap after GC invocations=22 (full 2):
 PSYoungGen      total 188416K, used 2611K [0x00000000e0000000, 0x00000000ed300000, 0x0000000100000000)
  eden space 171008K, 0% used [0x00000000e0000000,0x00000000e0000000,0x00000000ea700000)
  from space 17408K, 15% used [0x00000000eb780000,0x00000000eba0cfb8,0x00000000ec880000)
  to   space 16896K, 0% used [0x00000000ea700000,0x00000000ea700000,0x00000000eb780000)
 ParOldGen       total 53760K, used 47158K [0x00000000a0000000, 0x00000000a3480000, 0x00000000e0000000)
  object space 53760K, 87% used [0x00000000a0000000,0x00000000a2e0daf0,0x00000000a3480000)
 Metaspace       used 57465K, capacity 58962K, committed 59028K, reserved 1099776K
  class space    used 7799K, capacity 8187K, committed 8192K, reserved 1048576K
}
Event: 34.357 GC heap before
{Heap before GC invocations=23 (full 3):
 PSYoungGen      total 188416K, used 2611K [0x00000000e0000000, 0x00000000ed300000, 0x0000000100000000)
  eden space 171008K, 0% used [0x00000000e0000000,0x00000000e0000000,0x00000000ea700000)
  from space 17408K, 15% used [0x00000000eb780000,0x00000000eba0cfb8,0x00000000ec880000)
  to   space 16896K, 0% used [0x00000000ea700000,0x00000000ea700000,0x00000000eb780000)
 ParOldGen       total 53760K, used 47158K [0x00000000a0000000, 0x00000000a3480000, 0x00000000e0000000)
  object space 53760K, 87% used [0x00000000a0000000,0x00000000a2e0daf0,0x00000000a3480000)
 Metaspace       used 57465K, capacity 58962K, committed 59028K, reserved 1099776K
  class space    used 7799K, capacity 8187K, committed 8192K, reserved 1048576K
Event: 34.829 GC heap after
Heap after GC invocations=23 (full 3):
 PSYoungGen      total 188416K, used 0K [0x00000000e0000000, 0x00000000ed300000, 0x0000000100000000)
  eden space 171008K, 0% used [0x00000000e0000000,0x00000000e0000000,0x00000000ea700000)
  from space 17408K, 0% used [0x00000000eb780000,0x00000000eb780000,0x00000000ec880000)
  to   space 16896K, 0% used [0x00000000ea700000,0x00000000ea700000,0x00000000eb780000)
 ParOldGen       total 97280K, used 40528K [0x00000000a0000000, 0x00000000a5f00000, 0x00000000e0000000)
  object space 97280K, 41% used [0x00000000a0000000,0x00000000a27942b0,0x00000000a5f00000)
 Metaspace       used 57465K, capacity 58962K, committed 59028K, reserved 1099776K
  class space    used 7799K, capacity 8187K, committed 8192K, reserved 1048576K
}
Event: 148.824 GC heap before
{Heap before GC invocations=24 (full 3):
 PSYoungGen      total 188416K, used 171008K [0x00000000e0000000, 0x00000000ed300000, 0x0000000100000000)
  eden space 171008K, 100% used [0x00000000e0000000,0x00000000ea700000,0x00000000ea700000)
  from space 17408K, 0% used [0x00000000eb780000,0x00000000eb780000,0x00000000ec880000)
  to   space 16896K, 0% used [0x00000000ea700000,0x00000000ea700000,0x00000000eb780000)
 ParOldGen       total 97280K, used 40528K [0x00000000a0000000, 0x00000000a5f00000, 0x00000000e0000000)
  object space 97280K, 41% used [0x00000000a0000000,0x00000000a27942b0,0x00000000a5f00000)
 Metaspace       used 64292K, capacity 66366K, committed 66648K, reserved 1107968K
  class space    used 8464K, capacity 8961K, committed 9088K, reserved 1048576K
Event: 149.282 GC heap after
Heap after GC invocations=24 (full 3):
 PSYoungGen      total 187904K, used 14743K [0x00000000e0000000, 0x00000000ed300000, 0x0000000100000000)
  eden space 171008K, 0% used [0x00000000e0000000,0x00000000e0000000,0x00000000ea700000)
  from space 16896K, 87% used [0x00000000ea700000,0x00000000eb565df8,0x00000000eb780000)
  to   space 17408K, 0% used [0x00000000eb780000,0x00000000eb780000,0x00000000ec880000)
 ParOldGen       total 97280K, used 40536K [0x00000000a0000000, 0x00000000a5f00000, 0x00000000e0000000)
  object space 97280K, 41% used [0x00000000a0000000,0x00000000a27962b0,0x00000000a5f00000)
 Metaspace       used 64292K, capacity 66366K, committed 66648K, reserved 1107968K
  class space    used 8464K, capacity 8961K, committed 9088K, reserved 1048576K
}

